{"C:\\Projetos\\Paketa\\entrevista-tecnica\\backend-boiler-plate\\src\\controllers\\menu.ts": {"path":"C:\\Projetos\\Paketa\\entrevista-tecnica\\backend-boiler-plate\\src\\controllers\\menu.ts","statementMap":{"0":{"start":{"line":2,"column":0},"end":{"line":2,"column":33}},"1":{"start":{"line":4,"column":16},"end":{"line":12,"column":1}},"2":{"start":{"line":5,"column":20},"end":{"line":5,"column":62}},"3":{"start":{"line":5,"column":40},"end":{"line":5,"column":61}},"4":{"start":{"line":7,"column":4},"end":{"line":11,"column":null}},"5":{"start":{"line":7,"column":32},"end":{"line":11,"column":6}},"6":{"start":{"line":14,"column":20},"end":{"line":22,"column":1}},"7":{"start":{"line":15,"column":17},"end":{"line":15,"column":53}},"8":{"start":{"line":15,"column":37},"end":{"line":15,"column":52}},"9":{"start":{"line":17,"column":4},"end":{"line":21,"column":null}},"10":{"start":{"line":17,"column":29},"end":{"line":21,"column":6}},"11":{"start":{"line":24,"column":0},"end":{"line":50,"column":null}},"12":{"start":{"line":25,"column":69},"end":{"line":31,"column":null}},"13":{"start":{"line":26,"column":23},"end":{"line":26,"column":50}},"14":{"start":{"line":28,"column":8},"end":{"line":30,"column":null}},"15":{"start":{"line":32,"column":67},"end":{"line":38,"column":null}},"16":{"start":{"line":33,"column":21},"end":{"line":33,"column":38}},"17":{"start":{"line":35,"column":29},"end":{"line":35,"column":46}},"18":{"start":{"line":37,"column":8},"end":{"line":37,"column":null}},"19":{"start":{"line":39,"column":69},"end":{"line":49,"column":null}},"20":{"start":{"line":40,"column":21},"end":{"line":40,"column":63}},"21":{"start":{"line":45,"column":8},"end":{"line":45,"column":null}},"22":{"start":{"line":46,"column":8},"end":{"line":48,"column":null}}},"fnMap":{"0":{"name":"(anonymous_8)","decl":{"start":{"line":4,"column":16},"end":{"line":4,"column":17}},"loc":{"start":{"line":4,"column":48},"end":{"line":12,"column":1}}},"1":{"name":"(anonymous_9)","decl":{"start":{"line":5,"column":32},"end":{"line":5,"column":36}},"loc":{"start":{"line":5,"column":40},"end":{"line":5,"column":61}}},"2":{"name":"(anonymous_10)","decl":{"start":{"line":7,"column":23},"end":{"line":7,"column":27}},"loc":{"start":{"line":7,"column":32},"end":{"line":11,"column":6}}},"3":{"name":"(anonymous_11)","decl":{"start":{"line":14,"column":20},"end":{"line":14,"column":21}},"loc":{"start":{"line":14,"column":43},"end":{"line":22,"column":1}}},"4":{"name":"(anonymous_12)","decl":{"start":{"line":15,"column":29},"end":{"line":15,"column":33}},"loc":{"start":{"line":15,"column":37},"end":{"line":15,"column":52}}},"5":{"name":"(anonymous_13)","decl":{"start":{"line":17,"column":20},"end":{"line":17,"column":24}},"loc":{"start":{"line":17,"column":29},"end":{"line":21,"column":6}}},"6":{"name":"(anonymous_14)","decl":{"start":{"line":25,"column":12},"end":{"line":25,"column":19}},"loc":{"start":{"line":25,"column":69},"end":{"line":31,"column":null}}},"7":{"name":"(anonymous_15)","decl":{"start":{"line":25,"column":69},"end":{"line":25,"column":null}},"loc":{"start":{"line":25,"column":69},"end":{"line":31,"column":5}}},"8":{"name":"(anonymous_16)","decl":{"start":{"line":32,"column":12},"end":{"line":32,"column":19}},"loc":{"start":{"line":32,"column":67},"end":{"line":38,"column":null}}},"9":{"name":"(anonymous_17)","decl":{"start":{"line":32,"column":67},"end":{"line":32,"column":null}},"loc":{"start":{"line":32,"column":67},"end":{"line":38,"column":5}}},"10":{"name":"(anonymous_18)","decl":{"start":{"line":39,"column":12},"end":{"line":39,"column":19}},"loc":{"start":{"line":39,"column":69},"end":{"line":49,"column":null}}},"11":{"name":"(anonymous_19)","decl":{"start":{"line":39,"column":69},"end":{"line":39,"column":null}},"loc":{"start":{"line":39,"column":69},"end":{"line":49,"column":5}}}},"branchMap":{},"s":{"0":1,"1":1,"2":2,"3":4,"4":2,"5":1,"6":1,"7":2,"8":2,"9":2,"10":1,"11":1,"12":5,"13":5,"14":5,"15":2,"16":2,"17":2,"18":2,"19":2,"20":2,"21":1,"22":1},"f":{"0":2,"1":4,"2":1,"3":2,"4":2,"5":1,"6":5,"7":5,"8":2,"9":2,"10":2,"11":2},"b":{}}
,"C:\\Projetos\\Paketa\\entrevista-tecnica\\backend-boiler-plate\\src\\models\\menu.ts": {"path":"C:\\Projetos\\Paketa\\entrevista-tecnica\\backend-boiler-plate\\src\\models\\menu.ts","statementMap":{"0":{"start":{"line":1,"column":0},"end":{"line":1,"column":40}},"1":{"start":{"line":10,"column":15},"end":{"line":14,"column":2}},"2":{"start":{"line":16,"column":0},"end":{"line":16,"column":null}}},"fnMap":{},"branchMap":{},"s":{"0":1,"1":1,"2":1},"f":{},"b":{}}
,"C:\\Projetos\\Paketa\\entrevista-tecnica\\backend-boiler-plate\\src\\routes\\menu.ts": {"path":"C:\\Projetos\\Paketa\\entrevista-tecnica\\backend-boiler-plate\\src\\routes\\menu.ts","statementMap":{"0":{"start":{"line":1,"column":0},"end":{"line":1,"column":29}},"1":{"start":{"line":2,"column":0},"end":{"line":2,"column":38}},"2":{"start":{"line":3,"column":0},"end":{"line":3,"column":43}},"3":{"start":{"line":5,"column":15},"end":{"line":5,"column":31}},"4":{"start":{"line":7,"column":0},"end":{"line":7,"column":null}},"5":{"start":{"line":8,"column":0},"end":{"line":8,"column":null}},"6":{"start":{"line":9,"column":0},"end":{"line":9,"column":null}},"7":{"start":{"line":11,"column":0},"end":{"line":11,"column":null}}},"fnMap":{},"branchMap":{},"s":{"0":1,"1":1,"2":1,"3":1,"4":1,"5":1,"6":1,"7":1},"f":{},"b":{}}
,"C:\\Projetos\\Paketa\\entrevista-tecnica\\backend-boiler-plate\\src\\validation\\menu.ts": {"path":"C:\\Projetos\\Paketa\\entrevista-tecnica\\backend-boiler-plate\\src\\validation\\menu.ts","statementMap":{"0":{"start":{"line":1,"column":0},"end":{"line":1,"column":26}},"1":{"start":{"line":2,"column":0},"end":{"line":2,"column":31}},"2":{"start":{"line":5,"column":0},"end":{"line":27,"column":null}},"3":{"start":{"line":6,"column":70},"end":{"line":18,"column":null}},"4":{"start":{"line":7,"column":8},"end":{"line":17,"column":null}},"5":{"start":{"line":8,"column":27},"end":{"line":11,"column":14}},"6":{"start":{"line":12,"column":12},"end":{"line":12,"column":null}},"7":{"start":{"line":13,"column":12},"end":{"line":13,"column":null}},"8":{"start":{"line":15,"column":31},"end":{"line":15,"column":57}},"9":{"start":{"line":16,"column":12},"end":{"line":16,"column":null}},"10":{"start":{"line":20,"column":8},"end":{"line":24,"column":null}},"11":{"start":{"line":21,"column":12},"end":{"line":23,"column":null}},"12":{"start":{"line":25,"column":8},"end":{"line":25,"column":null}}},"fnMap":{"0":{"name":"(anonymous_14)","decl":{"start":{"line":6,"column":12},"end":{"line":6,"column":19}},"loc":{"start":{"line":6,"column":70},"end":{"line":18,"column":null}}},"1":{"name":"(anonymous_15)","decl":{"start":{"line":6,"column":70},"end":{"line":6,"column":null}},"loc":{"start":{"line":6,"column":70},"end":{"line":18,"column":5}}},"2":{"name":"(anonymous_16)","decl":{"start":{"line":19,"column":14},"end":{"line":19,"column":15}},"loc":{"start":{"line":19,"column":66},"end":{"line":26,"column":5}}}},"branchMap":{"0":{"loc":{"start":{"line":20,"column":8},"end":{"line":24,"column":null}},"type":"if","locations":[{"start":{"line":20,"column":8},"end":{"line":24,"column":null}}]}},"s":{"0":2,"1":2,"2":2,"3":7,"4":7,"5":7,"6":7,"7":6,"8":1,"9":1,"10":4,"11":1,"12":3},"f":{"0":7,"1":7,"2":4},"b":{"0":[1]}}
}
