TN:
SF:src\controllers\menu.ts
FN:4,(anonymous_8)
FN:5,(anonymous_9)
FN:7,(anonymous_10)
FN:14,(anonymous_11)
FN:15,(anonymous_12)
FN:17,(anonymous_13)
FN:25,(anonymous_14)
FN:25,(anonymous_15)
FN:32,(anonymous_16)
FN:32,(anonymous_17)
FN:39,(anonymous_18)
FN:39,(anonymous_19)
FNF:12
FNH:12
FNDA:2,(anonymous_8)
FNDA:4,(anonymous_9)
FNDA:1,(anonymous_10)
FNDA:2,(anonymous_11)
FNDA:2,(anonymous_12)
FNDA:1,(anonymous_13)
FNDA:5,(anonymous_14)
FNDA:5,(anonymous_15)
FNDA:2,(anonymous_16)
FNDA:2,(anonymous_17)
FNDA:2,(anonymous_18)
FNDA:2,(anonymous_19)
DA:2,1
DA:4,1
DA:5,4
DA:7,2
DA:14,1
DA:15,2
DA:17,2
DA:24,1
DA:25,5
DA:26,5
DA:28,5
DA:32,2
DA:33,2
DA:35,2
DA:37,2
DA:39,2
DA:40,2
DA:45,1
DA:46,1
LF:19
LH:19
BRF:0
BRH:0
end_of_record
TN:
SF:src\models\menu.ts
FNF:0
FNH:0
DA:1,1
DA:10,1
DA:16,1
LF:3
LH:3
BRF:0
BRH:0
end_of_record
TN:
SF:src\routes\menu.ts
FNF:0
FNH:0
DA:1,1
DA:2,1
DA:3,1
DA:5,1
DA:7,1
DA:8,1
DA:9,1
DA:11,1
LF:8
LH:8
BRF:0
BRH:0
end_of_record
TN:
SF:src\validation\menu.ts
FN:6,(anonymous_14)
FN:6,(anonymous_15)
FN:19,(anonymous_16)
FNF:3
FNH:3
FNDA:7,(anonymous_14)
FNDA:7,(anonymous_15)
FNDA:4,(anonymous_16)
DA:1,2
DA:2,2
DA:5,2
DA:6,7
DA:7,7
DA:8,7
DA:12,7
DA:13,6
DA:15,1
DA:16,1
DA:20,4
DA:21,1
DA:25,3
LF:13
LH:13
BRDA:20,0,0,1
BRF:1
BRH:1
end_of_record
